SF:lib/home.dart
DA:6,4
DA:8,4
DA:9,4
DA:13,4
DA:15,4
DA:16,4
DA:17,4
DA:20,12
DA:23,4
DA:24,4
DA:26,4
DA:27,4
DA:29,4
DA:31,4
DA:32,4
DA:35,4
LF:16
LH:16
end_of_record
SF:lib/canteen_pages.dart
DA:9,8
DA:12,3
DA:14,2
DA:15,2
DA:25,2
DA:27,2
DA:28,2
DA:29,2
DA:32,2
DA:34,2
DA:35,0
DA:36,0
DA:37,0
DA:38,0
DA:39,0
DA:40,0
DA:43,0
DA:44,0
DA:46,0
DA:47,0
DA:49,0
DA:50,0
DA:52,0
DA:53,0
DA:54,0
DA:55,0
DA:56,0
DA:60,0
DA:61,0
DA:62,0
DA:63,0
DA:64,0
DA:65,0
DA:66,0
DA:69,0
DA:73,0
DA:74,0
DA:75,0
DA:76,0
DA:79,4
DA:80,2
DA:81,5
DA:82,2
DA:83,0
DA:84,0
DA:85,1
DA:86,1
DA:94,2
DA:96,2
DA:98,0
DA:99,1
DA:101,0
DA:102,0
DA:103,0
DA:104,0
DA:107,0
DA:108,0
DA:109,0
DA:110,0
DA:111,0
DA:112,0
DA:113,0
DA:118,0
DA:122,2
DA:127,2
DA:130,2
DA:131,0
DA:134,0
DA:136,2
DA:139,2
DA:141,2
DA:142,2
DA:143,2
DA:146,6
DA:149,2
DA:151,2
DA:153,2
DA:154,2
DA:155,2
DA:156,4
DA:157,2
DA:159,2
DA:160,2
DA:162,2
DA:164,2
DA:165,2
DA:167,2
DA:168,4
DA:170,2
DA:171,0
DA:172,0
DA:173,0
DA:177,2
DA:178,2
DA:179,2
DA:180,2
DA:184,2
DA:185,2
DA:186,2
DA:187,2
DA:188,2
DA:189,4
DA:190,4
DA:191,1
DA:192,0
DA:193,1
DA:194,0
DA:196,1
DA:200,0
LF:109
LH:57
end_of_record
SF:lib/crowded_app.dart
DA:7,2
DA:9,2
DA:10,2
DA:20,1
DA:21,2
DA:22,1
DA:26,2
DA:28,2
DA:30,2
DA:31,6
DA:32,2
DA:33,2
DA:34,2
DA:35,2
DA:38,2
DA:39,4
DA:40,4
LF:17
LH:17
end_of_record
